2025-10-12 11:38:56,992 [INFO] [数据库引擎创建成功]
2025-10-12 11:38:56,992 [INFO] [开始读取数据库表：book_data]
2025-10-12 11:38:57,162 [ERROR] [数据库操作失败（表：book_data）：(pymysql.err.ProgrammingError) (1064, "You have an error in your SQL syntax; check the manual that corresponds to your MySQL server version for the right syntax to use near 'book_data' at line 1")
[SQL: book_data]
(Background on this error at: https://sqlalche.me/e/20/f405)]
Traceback (most recent call last):
  File "D:\python-3.13.3\Lib\site-packages\sqlalchemy\engine\base.py", line 1967, in _exec_single_context
    self.dialect.do_execute(
    ~~~~~~~~~~~~~~~~~~~~~~~^
        cursor, str_statement, effective_parameters, context
        ^^^^^^^^^^^^^^^^^^^^^^^^^^^^^^^^^^^^^^^^^^^^^^^^^^^^
    )
    ^
  File "D:\python-3.13.3\Lib\site-packages\sqlalchemy\engine\default.py", line 951, in do_execute
    cursor.execute(statement, parameters)
    ~~~~~~~~~~~~~~^^^^^^^^^^^^^^^^^^^^^^^
  File "D:\python-3.13.3\Lib\site-packages\pymysql\cursors.py", line 153, in execute
    result = self._query(query)
  File "D:\python-3.13.3\Lib\site-packages\pymysql\cursors.py", line 322, in _query
    conn.query(q)
    ~~~~~~~~~~^^^
  File "D:\python-3.13.3\Lib\site-packages\pymysql\connections.py", line 575, in query
    self._affected_rows = self._read_query_result(unbuffered=unbuffered)
                          ~~~~~~~~~~~~~~~~~~~~~~~^^^^^^^^^^^^^^^^^^^^^^^
  File "D:\python-3.13.3\Lib\site-packages\pymysql\connections.py", line 826, in _read_query_result
    result.read()
    ~~~~~~~~~~~^^
  File "D:\python-3.13.3\Lib\site-packages\pymysql\connections.py", line 1203, in read
    first_packet = self.connection._read_packet()
  File "D:\python-3.13.3\Lib\site-packages\pymysql\connections.py", line 782, in _read_packet
    packet.raise_for_error()
    ~~~~~~~~~~~~~~~~~~~~~~^^
  File "D:\python-3.13.3\Lib\site-packages\pymysql\protocol.py", line 219, in raise_for_error
    err.raise_mysql_exception(self._data)
    ~~~~~~~~~~~~~~~~~~~~~~~~~^^^^^^^^^^^^
  File "D:\python-3.13.3\Lib\site-packages\pymysql\err.py", line 150, in raise_mysql_exception
    raise errorclass(errno, errval)
pymysql.err.ProgrammingError: (1064, "You have an error in your SQL syntax; check the manual that corresponds to your MySQL server version for the right syntax to use near 'book_data' at line 1")

The above exception was the direct cause of the following exception:

Traceback (most recent call last):
  File "E:\powerbi_data\代码执行\私有云数据\concat_demo1.py", line 159, in _read_from_db
    df = pd.read_sql(table_name, self.engine)
  File "D:\python-3.13.3\Lib\site-packages\pandas\io\sql.py", line 736, in read_sql
    return pandas_sql.read_query(
           ~~~~~~~~~~~~~~~~~~~~~^
        sql,
        ^^^^
    ...<6 lines>...
        dtype=dtype,
        ^^^^^^^^^^^^
    )
    ^
  File "D:\python-3.13.3\Lib\site-packages\pandas\io\sql.py", line 1848, in read_query
    result = self.execute(sql, params)
  File "D:\python-3.13.3\Lib\site-packages\pandas\io\sql.py", line 1671, in execute
    return self.con.exec_driver_sql(sql, *args)
           ~~~~~~~~~~~~~~~~~~~~~~~~^^^^^^^^^^^^
  File "D:\python-3.13.3\Lib\site-packages\sqlalchemy\engine\base.py", line 1779, in exec_driver_sql
    ret = self._execute_context(
        dialect,
    ...<5 lines>...
        distilled_parameters,
    )
  File "D:\python-3.13.3\Lib\site-packages\sqlalchemy\engine\base.py", line 1846, in _execute_context
    return self._exec_single_context(
           ~~~~~~~~~~~~~~~~~~~~~~~~~^
        dialect, context, statement, parameters
        ^^^^^^^^^^^^^^^^^^^^^^^^^^^^^^^^^^^^^^^
    )
    ^
  File "D:\python-3.13.3\Lib\site-packages\sqlalchemy\engine\base.py", line 1986, in _exec_single_context
    self._handle_dbapi_exception(
    ~~~~~~~~~~~~~~~~~~~~~~~~~~~~^
        e, str_statement, effective_parameters, cursor, context
        ^^^^^^^^^^^^^^^^^^^^^^^^^^^^^^^^^^^^^^^^^^^^^^^^^^^^^^^
    )
    ^
  File "D:\python-3.13.3\Lib\site-packages\sqlalchemy\engine\base.py", line 2355, in _handle_dbapi_exception
    raise sqlalchemy_exception.with_traceback(exc_info[2]) from e
  File "D:\python-3.13.3\Lib\site-packages\sqlalchemy\engine\base.py", line 1967, in _exec_single_context
    self.dialect.do_execute(
    ~~~~~~~~~~~~~~~~~~~~~~~^
        cursor, str_statement, effective_parameters, context
        ^^^^^^^^^^^^^^^^^^^^^^^^^^^^^^^^^^^^^^^^^^^^^^^^^^^^
    )
    ^
  File "D:\python-3.13.3\Lib\site-packages\sqlalchemy\engine\default.py", line 951, in do_execute
    cursor.execute(statement, parameters)
    ~~~~~~~~~~~~~~^^^^^^^^^^^^^^^^^^^^^^^
  File "D:\python-3.13.3\Lib\site-packages\pymysql\cursors.py", line 153, in execute
    result = self._query(query)
  File "D:\python-3.13.3\Lib\site-packages\pymysql\cursors.py", line 322, in _query
    conn.query(q)
    ~~~~~~~~~~^^^
  File "D:\python-3.13.3\Lib\site-packages\pymysql\connections.py", line 575, in query
    self._affected_rows = self._read_query_result(unbuffered=unbuffered)
                          ~~~~~~~~~~~~~~~~~~~~~~~^^^^^^^^^^^^^^^^^^^^^^^
  File "D:\python-3.13.3\Lib\site-packages\pymysql\connections.py", line 826, in _read_query_result
    result.read()
    ~~~~~~~~~~~^^
  File "D:\python-3.13.3\Lib\site-packages\pymysql\connections.py", line 1203, in read
    first_packet = self.connection._read_packet()
  File "D:\python-3.13.3\Lib\site-packages\pymysql\connections.py", line 782, in _read_packet
    packet.raise_for_error()
    ~~~~~~~~~~~~~~~~~~~~~~^^
  File "D:\python-3.13.3\Lib\site-packages\pymysql\protocol.py", line 219, in raise_for_error
    err.raise_mysql_exception(self._data)
    ~~~~~~~~~~~~~~~~~~~~~~~~~^^^^^^^^^^^^
  File "D:\python-3.13.3\Lib\site-packages\pymysql\err.py", line 150, in raise_mysql_exception
    raise errorclass(errno, errval)
sqlalchemy.exc.ProgrammingError: (pymysql.err.ProgrammingError) (1064, "You have an error in your SQL syntax; check the manual that corresponds to your MySQL server version for the right syntax to use near 'book_data' at line 1")
[SQL: book_data]
(Background on this error at: https://sqlalche.me/e/20/f405)
2025-10-12 11:42:14,819 [INFO] [数据库引擎创建成功]
2025-10-12 11:42:14,819 [INFO] [开始读取数据库表：order_data]
2025-10-12 11:42:15,264 [INFO] [成功读取表 order_data，数据行数：17482]
2025-10-12 11:42:15,395 [INFO] [开始读取数据库表：sales_data]
2025-10-12 11:42:17,077 [INFO] [成功读取表 sales_data，数据行数：21277]
2025-10-12 11:42:17,987 [INFO] [开始读取数据库表：jingpin_data]
2025-10-12 11:42:18,060 [INFO] [成功读取表 jingpin_data，数据行数：3348]
2025-10-12 11:42:18,095 [INFO] [开始读取数据库表：inventory_data]
2025-10-12 11:42:18,328 [INFO] [成功读取表 inventory_data，数据行数：4466]
2025-10-12 11:42:18,328 [INFO] [开始读取数据库表：tuiding_data]
2025-10-12 11:42:18,403 [INFO] [成功读取表 tuiding_data，数据行数：3053]
2025-10-12 11:42:18,403 [INFO] [开始读取数据库表：debit_df]
2025-10-12 11:42:18,410 [ERROR] [数据库操作失败（表：debit_df）：(pymysql.err.ProgrammingError) (1064, "You have an error in your SQL syntax; check the manual that corresponds to your MySQL server version for the right syntax to use near 'debit_df' at line 1")
[SQL: debit_df]
(Background on this error at: https://sqlalche.me/e/20/f405)]
Traceback (most recent call last):
  File "D:\python-3.13.3\Lib\site-packages\sqlalchemy\engine\base.py", line 1967, in _exec_single_context
    self.dialect.do_execute(
    ~~~~~~~~~~~~~~~~~~~~~~~^
        cursor, str_statement, effective_parameters, context
        ^^^^^^^^^^^^^^^^^^^^^^^^^^^^^^^^^^^^^^^^^^^^^^^^^^^^
    )
    ^
  File "D:\python-3.13.3\Lib\site-packages\sqlalchemy\engine\default.py", line 951, in do_execute
    cursor.execute(statement, parameters)
    ~~~~~~~~~~~~~~^^^^^^^^^^^^^^^^^^^^^^^
  File "D:\python-3.13.3\Lib\site-packages\pymysql\cursors.py", line 153, in execute
    result = self._query(query)
  File "D:\python-3.13.3\Lib\site-packages\pymysql\cursors.py", line 322, in _query
    conn.query(q)
    ~~~~~~~~~~^^^
  File "D:\python-3.13.3\Lib\site-packages\pymysql\connections.py", line 575, in query
    self._affected_rows = self._read_query_result(unbuffered=unbuffered)
                          ~~~~~~~~~~~~~~~~~~~~~~~^^^^^^^^^^^^^^^^^^^^^^^
  File "D:\python-3.13.3\Lib\site-packages\pymysql\connections.py", line 826, in _read_query_result
    result.read()
    ~~~~~~~~~~~^^
  File "D:\python-3.13.3\Lib\site-packages\pymysql\connections.py", line 1203, in read
    first_packet = self.connection._read_packet()
  File "D:\python-3.13.3\Lib\site-packages\pymysql\connections.py", line 782, in _read_packet
    packet.raise_for_error()
    ~~~~~~~~~~~~~~~~~~~~~~^^
  File "D:\python-3.13.3\Lib\site-packages\pymysql\protocol.py", line 219, in raise_for_error
    err.raise_mysql_exception(self._data)
    ~~~~~~~~~~~~~~~~~~~~~~~~~^^^^^^^^^^^^
  File "D:\python-3.13.3\Lib\site-packages\pymysql\err.py", line 150, in raise_mysql_exception
    raise errorclass(errno, errval)
pymysql.err.ProgrammingError: (1064, "You have an error in your SQL syntax; check the manual that corresponds to your MySQL server version for the right syntax to use near 'debit_df' at line 1")

The above exception was the direct cause of the following exception:

Traceback (most recent call last):
  File "E:\powerbi_data\代码执行\私有云数据\concat_demo1.py", line 159, in _read_from_db
    df = pd.read_sql(table_name, self.engine)
  File "D:\python-3.13.3\Lib\site-packages\pandas\io\sql.py", line 736, in read_sql
    return pandas_sql.read_query(
           ~~~~~~~~~~~~~~~~~~~~~^
        sql,
        ^^^^
    ...<6 lines>...
        dtype=dtype,
        ^^^^^^^^^^^^
    )
    ^
  File "D:\python-3.13.3\Lib\site-packages\pandas\io\sql.py", line 1848, in read_query
    result = self.execute(sql, params)
  File "D:\python-3.13.3\Lib\site-packages\pandas\io\sql.py", line 1671, in execute
    return self.con.exec_driver_sql(sql, *args)
           ~~~~~~~~~~~~~~~~~~~~~~~~^^^^^^^^^^^^
  File "D:\python-3.13.3\Lib\site-packages\sqlalchemy\engine\base.py", line 1779, in exec_driver_sql
    ret = self._execute_context(
        dialect,
    ...<5 lines>...
        distilled_parameters,
    )
  File "D:\python-3.13.3\Lib\site-packages\sqlalchemy\engine\base.py", line 1846, in _execute_context
    return self._exec_single_context(
           ~~~~~~~~~~~~~~~~~~~~~~~~~^
        dialect, context, statement, parameters
        ^^^^^^^^^^^^^^^^^^^^^^^^^^^^^^^^^^^^^^^
    )
    ^
  File "D:\python-3.13.3\Lib\site-packages\sqlalchemy\engine\base.py", line 1986, in _exec_single_context
    self._handle_dbapi_exception(
    ~~~~~~~~~~~~~~~~~~~~~~~~~~~~^
        e, str_statement, effective_parameters, cursor, context
        ^^^^^^^^^^^^^^^^^^^^^^^^^^^^^^^^^^^^^^^^^^^^^^^^^^^^^^^
    )
    ^
  File "D:\python-3.13.3\Lib\site-packages\sqlalchemy\engine\base.py", line 2355, in _handle_dbapi_exception
    raise sqlalchemy_exception.with_traceback(exc_info[2]) from e
  File "D:\python-3.13.3\Lib\site-packages\sqlalchemy\engine\base.py", line 1967, in _exec_single_context
    self.dialect.do_execute(
    ~~~~~~~~~~~~~~~~~~~~~~~^
        cursor, str_statement, effective_parameters, context
        ^^^^^^^^^^^^^^^^^^^^^^^^^^^^^^^^^^^^^^^^^^^^^^^^^^^^
    )
    ^
  File "D:\python-3.13.3\Lib\site-packages\sqlalchemy\engine\default.py", line 951, in do_execute
    cursor.execute(statement, parameters)
    ~~~~~~~~~~~~~~^^^^^^^^^^^^^^^^^^^^^^^
  File "D:\python-3.13.3\Lib\site-packages\pymysql\cursors.py", line 153, in execute
    result = self._query(query)
  File "D:\python-3.13.3\Lib\site-packages\pymysql\cursors.py", line 322, in _query
    conn.query(q)
    ~~~~~~~~~~^^^
  File "D:\python-3.13.3\Lib\site-packages\pymysql\connections.py", line 575, in query
    self._affected_rows = self._read_query_result(unbuffered=unbuffered)
                          ~~~~~~~~~~~~~~~~~~~~~~~^^^^^^^^^^^^^^^^^^^^^^^
  File "D:\python-3.13.3\Lib\site-packages\pymysql\connections.py", line 826, in _read_query_result
    result.read()
    ~~~~~~~~~~~^^
  File "D:\python-3.13.3\Lib\site-packages\pymysql\connections.py", line 1203, in read
    first_packet = self.connection._read_packet()
  File "D:\python-3.13.3\Lib\site-packages\pymysql\connections.py", line 782, in _read_packet
    packet.raise_for_error()
    ~~~~~~~~~~~~~~~~~~~~~~^^
  File "D:\python-3.13.3\Lib\site-packages\pymysql\protocol.py", line 219, in raise_for_error
    err.raise_mysql_exception(self._data)
    ~~~~~~~~~~~~~~~~~~~~~~~~~^^^^^^^^^^^^
  File "D:\python-3.13.3\Lib\site-packages\pymysql\err.py", line 150, in raise_mysql_exception
    raise errorclass(errno, errval)
sqlalchemy.exc.ProgrammingError: (pymysql.err.ProgrammingError) (1064, "You have an error in your SQL syntax; check the manual that corresponds to your MySQL server version for the right syntax to use near 'debit_df' at line 1")
[SQL: debit_df]
(Background on this error at: https://sqlalche.me/e/20/f405)
2025-10-12 11:43:21,666 [INFO] [数据库引擎创建成功]
2025-10-12 11:43:21,666 [INFO] [开始读取数据库表：order_data]
2025-10-12 11:43:22,089 [INFO] [成功读取表 order_data，数据行数：17482]
2025-10-12 11:43:22,222 [INFO] [开始读取数据库表：sales_data]
2025-10-12 11:43:23,736 [INFO] [成功读取表 sales_data，数据行数：21277]
2025-10-12 11:43:24,431 [INFO] [开始读取数据库表：jingpin_data]
2025-10-12 11:43:24,492 [INFO] [成功读取表 jingpin_data，数据行数：3348]
2025-10-12 11:43:24,524 [INFO] [开始读取数据库表：inventory_data]
2025-10-12 11:43:24,695 [INFO] [成功读取表 inventory_data，数据行数：4466]
2025-10-12 11:43:24,696 [INFO] [开始读取数据库表：tuiding_data]
2025-10-12 11:43:24,748 [INFO] [成功读取表 tuiding_data，数据行数：3053]
2025-10-12 11:43:24,748 [INFO] [开始读取数据库表：debit_data]
2025-10-12 11:43:25,045 [INFO] [成功读取表 debit_data，数据行数：13080]
2025-10-12 11:43:25,198 [INFO] [开始读取数据库表：sales_invoice_data]
2025-10-12 11:43:25,207 [ERROR] [数据库操作失败（表：sales_invoice_data）：(pymysql.err.ProgrammingError) (1064, "You have an error in your SQL syntax; check the manual that corresponds to your MySQL server version for the right syntax to use near 'sales_invoice_data' at line 1")
[SQL: sales_invoice_data]
(Background on this error at: https://sqlalche.me/e/20/f405)]
Traceback (most recent call last):
  File "D:\python-3.13.3\Lib\site-packages\sqlalchemy\engine\base.py", line 1967, in _exec_single_context
    self.dialect.do_execute(
    ~~~~~~~~~~~~~~~~~~~~~~~^
        cursor, str_statement, effective_parameters, context
        ^^^^^^^^^^^^^^^^^^^^^^^^^^^^^^^^^^^^^^^^^^^^^^^^^^^^
    )
    ^
  File "D:\python-3.13.3\Lib\site-packages\sqlalchemy\engine\default.py", line 951, in do_execute
    cursor.execute(statement, parameters)
    ~~~~~~~~~~~~~~^^^^^^^^^^^^^^^^^^^^^^^
  File "D:\python-3.13.3\Lib\site-packages\pymysql\cursors.py", line 153, in execute
    result = self._query(query)
  File "D:\python-3.13.3\Lib\site-packages\pymysql\cursors.py", line 322, in _query
    conn.query(q)
    ~~~~~~~~~~^^^
  File "D:\python-3.13.3\Lib\site-packages\pymysql\connections.py", line 575, in query
    self._affected_rows = self._read_query_result(unbuffered=unbuffered)
                          ~~~~~~~~~~~~~~~~~~~~~~~^^^^^^^^^^^^^^^^^^^^^^^
  File "D:\python-3.13.3\Lib\site-packages\pymysql\connections.py", line 826, in _read_query_result
    result.read()
    ~~~~~~~~~~~^^
  File "D:\python-3.13.3\Lib\site-packages\pymysql\connections.py", line 1203, in read
    first_packet = self.connection._read_packet()
  File "D:\python-3.13.3\Lib\site-packages\pymysql\connections.py", line 782, in _read_packet
    packet.raise_for_error()
    ~~~~~~~~~~~~~~~~~~~~~~^^
  File "D:\python-3.13.3\Lib\site-packages\pymysql\protocol.py", line 219, in raise_for_error
    err.raise_mysql_exception(self._data)
    ~~~~~~~~~~~~~~~~~~~~~~~~~^^^^^^^^^^^^
  File "D:\python-3.13.3\Lib\site-packages\pymysql\err.py", line 150, in raise_mysql_exception
    raise errorclass(errno, errval)
pymysql.err.ProgrammingError: (1064, "You have an error in your SQL syntax; check the manual that corresponds to your MySQL server version for the right syntax to use near 'sales_invoice_data' at line 1")

The above exception was the direct cause of the following exception:

Traceback (most recent call last):
  File "E:\powerbi_data\代码执行\私有云数据\concat_demo1.py", line 159, in _read_from_db
    df = pd.read_sql(table_name, self.engine)
  File "D:\python-3.13.3\Lib\site-packages\pandas\io\sql.py", line 736, in read_sql
    return pandas_sql.read_query(
           ~~~~~~~~~~~~~~~~~~~~~^
        sql,
        ^^^^
    ...<6 lines>...
        dtype=dtype,
        ^^^^^^^^^^^^
    )
    ^
  File "D:\python-3.13.3\Lib\site-packages\pandas\io\sql.py", line 1848, in read_query
    result = self.execute(sql, params)
  File "D:\python-3.13.3\Lib\site-packages\pandas\io\sql.py", line 1671, in execute
    return self.con.exec_driver_sql(sql, *args)
           ~~~~~~~~~~~~~~~~~~~~~~~~^^^^^^^^^^^^
  File "D:\python-3.13.3\Lib\site-packages\sqlalchemy\engine\base.py", line 1779, in exec_driver_sql
    ret = self._execute_context(
        dialect,
    ...<5 lines>...
        distilled_parameters,
    )
  File "D:\python-3.13.3\Lib\site-packages\sqlalchemy\engine\base.py", line 1846, in _execute_context
    return self._exec_single_context(
           ~~~~~~~~~~~~~~~~~~~~~~~~~^
        dialect, context, statement, parameters
        ^^^^^^^^^^^^^^^^^^^^^^^^^^^^^^^^^^^^^^^
    )
    ^
  File "D:\python-3.13.3\Lib\site-packages\sqlalchemy\engine\base.py", line 1986, in _exec_single_context
    self._handle_dbapi_exception(
    ~~~~~~~~~~~~~~~~~~~~~~~~~~~~^
        e, str_statement, effective_parameters, cursor, context
        ^^^^^^^^^^^^^^^^^^^^^^^^^^^^^^^^^^^^^^^^^^^^^^^^^^^^^^^
    )
    ^
  File "D:\python-3.13.3\Lib\site-packages\sqlalchemy\engine\base.py", line 2355, in _handle_dbapi_exception
    raise sqlalchemy_exception.with_traceback(exc_info[2]) from e
  File "D:\python-3.13.3\Lib\site-packages\sqlalchemy\engine\base.py", line 1967, in _exec_single_context
    self.dialect.do_execute(
    ~~~~~~~~~~~~~~~~~~~~~~~^
        cursor, str_statement, effective_parameters, context
        ^^^^^^^^^^^^^^^^^^^^^^^^^^^^^^^^^^^^^^^^^^^^^^^^^^^^
    )
    ^
  File "D:\python-3.13.3\Lib\site-packages\sqlalchemy\engine\default.py", line 951, in do_execute
    cursor.execute(statement, parameters)
    ~~~~~~~~~~~~~~^^^^^^^^^^^^^^^^^^^^^^^
  File "D:\python-3.13.3\Lib\site-packages\pymysql\cursors.py", line 153, in execute
    result = self._query(query)
  File "D:\python-3.13.3\Lib\site-packages\pymysql\cursors.py", line 322, in _query
    conn.query(q)
    ~~~~~~~~~~^^^
  File "D:\python-3.13.3\Lib\site-packages\pymysql\connections.py", line 575, in query
    self._affected_rows = self._read_query_result(unbuffered=unbuffered)
                          ~~~~~~~~~~~~~~~~~~~~~~~^^^^^^^^^^^^^^^^^^^^^^^
  File "D:\python-3.13.3\Lib\site-packages\pymysql\connections.py", line 826, in _read_query_result
    result.read()
    ~~~~~~~~~~~^^
  File "D:\python-3.13.3\Lib\site-packages\pymysql\connections.py", line 1203, in read
    first_packet = self.connection._read_packet()
  File "D:\python-3.13.3\Lib\site-packages\pymysql\connections.py", line 782, in _read_packet
    packet.raise_for_error()
    ~~~~~~~~~~~~~~~~~~~~~~^^
  File "D:\python-3.13.3\Lib\site-packages\pymysql\protocol.py", line 219, in raise_for_error
    err.raise_mysql_exception(self._data)
    ~~~~~~~~~~~~~~~~~~~~~~~~~^^^^^^^^^^^^
  File "D:\python-3.13.3\Lib\site-packages\pymysql\err.py", line 150, in raise_mysql_exception
    raise errorclass(errno, errval)
sqlalchemy.exc.ProgrammingError: (pymysql.err.ProgrammingError) (1064, "You have an error in your SQL syntax; check the manual that corresponds to your MySQL server version for the right syntax to use near 'sales_invoice_data' at line 1")
[SQL: sales_invoice_data]
(Background on this error at: https://sqlalche.me/e/20/f405)
2025-10-12 11:44:23,601 [INFO] [数据库引擎创建成功]
2025-10-12 11:44:23,601 [INFO] [开始读取数据库表：order_data]
2025-10-12 11:44:24,001 [INFO] [成功读取表 order_data，数据行数：17482]
2025-10-12 11:44:24,127 [INFO] [开始读取数据库表：sales_data]
2025-10-12 11:44:25,580 [INFO] [成功读取表 sales_data，数据行数：21277]
2025-10-12 11:44:26,225 [INFO] [开始读取数据库表：jingpin_data]
2025-10-12 11:44:26,271 [INFO] [成功读取表 jingpin_data，数据行数：3348]
2025-10-12 11:44:26,293 [INFO] [开始读取数据库表：inventory_data]
2025-10-12 11:44:26,458 [INFO] [成功读取表 inventory_data，数据行数：4466]
2025-10-12 11:44:26,458 [INFO] [开始读取数据库表：tuiding_data]
2025-10-12 11:44:26,505 [INFO] [成功读取表 tuiding_data，数据行数：3053]
2025-10-12 11:44:26,505 [INFO] [开始读取数据库表：debit_data]
2025-10-12 11:44:26,789 [INFO] [成功读取表 debit_data，数据行数：13080]
2025-10-12 11:44:26,924 [INFO] [开始读取数据库表：sales_invoice_data]
2025-10-12 11:44:27,237 [INFO] [成功读取表 sales_invoice_data，数据行数：15190]
2025-10-12 11:45:02,735 [INFO] [数据库引擎创建成功]
2025-10-12 11:45:02,735 [INFO] [开始读取数据库表：book_data]
2025-10-12 11:45:02,793 [ERROR] [数据库操作失败（表：book_data，SQL：SELECT * FROM `book_data`）：(pymysql.err.OperationalError) (1045, "Access denied for user 'root'@'localhost' (using password: YES)")
(Background on this error at: https://sqlalche.me/e/20/e3q8)]
Traceback (most recent call last):
  File "D:\python-3.13.3\Lib\site-packages\sqlalchemy\engine\base.py", line 143, in __init__
    self._dbapi_connection = engine.raw_connection()
                             ~~~~~~~~~~~~~~~~~~~~~^^
  File "D:\python-3.13.3\Lib\site-packages\sqlalchemy\engine\base.py", line 3301, in raw_connection
    return self.pool.connect()
           ~~~~~~~~~~~~~~~~~^^
  File "D:\python-3.13.3\Lib\site-packages\sqlalchemy\pool\base.py", line 447, in connect
    return _ConnectionFairy._checkout(self)
           ~~~~~~~~~~~~~~~~~~~~~~~~~~^^^^^^
  File "D:\python-3.13.3\Lib\site-packages\sqlalchemy\pool\base.py", line 1264, in _checkout
    fairy = _ConnectionRecord.checkout(pool)
  File "D:\python-3.13.3\Lib\site-packages\sqlalchemy\pool\base.py", line 711, in checkout
    rec = pool._do_get()
  File "D:\python-3.13.3\Lib\site-packages\sqlalchemy\pool\impl.py", line 177, in _do_get
    with util.safe_reraise():
         ~~~~~~~~~~~~~~~~~^^
  File "D:\python-3.13.3\Lib\site-packages\sqlalchemy\util\langhelpers.py", line 224, in __exit__
    raise exc_value.with_traceback(exc_tb)
  File "D:\python-3.13.3\Lib\site-packages\sqlalchemy\pool\impl.py", line 175, in _do_get
    return self._create_connection()
           ~~~~~~~~~~~~~~~~~~~~~~~^^
  File "D:\python-3.13.3\Lib\site-packages\sqlalchemy\pool\base.py", line 388, in _create_connection
    return _ConnectionRecord(self)
  File "D:\python-3.13.3\Lib\site-packages\sqlalchemy\pool\base.py", line 673, in __init__
    self.__connect()
    ~~~~~~~~~~~~~~^^
  File "D:\python-3.13.3\Lib\site-packages\sqlalchemy\pool\base.py", line 899, in __connect
    with util.safe_reraise():
         ~~~~~~~~~~~~~~~~~^^
  File "D:\python-3.13.3\Lib\site-packages\sqlalchemy\util\langhelpers.py", line 224, in __exit__
    raise exc_value.with_traceback(exc_tb)
  File "D:\python-3.13.3\Lib\site-packages\sqlalchemy\pool\base.py", line 895, in __connect
    self.dbapi_connection = connection = pool._invoke_creator(self)
                                         ~~~~~~~~~~~~~~~~~~~~^^^^^^
  File "D:\python-3.13.3\Lib\site-packages\sqlalchemy\engine\create.py", line 661, in connect
    return dialect.connect(*cargs, **cparams)
           ~~~~~~~~~~~~~~~^^^^^^^^^^^^^^^^^^^
  File "D:\python-3.13.3\Lib\site-packages\sqlalchemy\engine\default.py", line 629, in connect
    return self.loaded_dbapi.connect(*cargs, **cparams)  # type: ignore[no-any-return]  # NOQA: E501
           ~~~~~~~~~~~~~~~~~~~~~~~~~^^^^^^^^^^^^^^^^^^^
  File "D:\python-3.13.3\Lib\site-packages\pymysql\connections.py", line 365, in __init__
    self.connect()
    ~~~~~~~~~~~~^^
  File "D:\python-3.13.3\Lib\site-packages\pymysql\connections.py", line 681, in connect
    self._request_authentication()
    ~~~~~~~~~~~~~~~~~~~~~~~~~~~~^^
  File "D:\python-3.13.3\Lib\site-packages\pymysql\connections.py", line 980, in _request_authentication
    auth_packet = _auth.caching_sha2_password_auth(self, auth_packet)
  File "D:\python-3.13.3\Lib\site-packages\pymysql\_auth.py", line 272, in caching_sha2_password_auth
    pkt = _roundtrip(conn, data)
  File "D:\python-3.13.3\Lib\site-packages\pymysql\_auth.py", line 121, in _roundtrip
    pkt = conn._read_packet()
  File "D:\python-3.13.3\Lib\site-packages\pymysql\connections.py", line 782, in _read_packet
    packet.raise_for_error()
    ~~~~~~~~~~~~~~~~~~~~~~^^
  File "D:\python-3.13.3\Lib\site-packages\pymysql\protocol.py", line 219, in raise_for_error
    err.raise_mysql_exception(self._data)
    ~~~~~~~~~~~~~~~~~~~~~~~~~^^^^^^^^^^^^
  File "D:\python-3.13.3\Lib\site-packages\pymysql\err.py", line 150, in raise_mysql_exception
    raise errorclass(errno, errval)
pymysql.err.OperationalError: (1045, "Access denied for user 'root'@'localhost' (using password: YES)")

The above exception was the direct cause of the following exception:

Traceback (most recent call last):
  File "E:\powerbi_data\代码执行\私有云数据\concat_demo1.py", line 121, in _read_from_db
    df = pd.read_sql(sql, self.engine)
  File "D:\python-3.13.3\Lib\site-packages\pandas\io\sql.py", line 706, in read_sql
    with pandasSQL_builder(con) as pandas_sql:
         ~~~~~~~~~~~~~~~~~^^^^^
  File "D:\python-3.13.3\Lib\site-packages\pandas\io\sql.py", line 908, in pandasSQL_builder
    return SQLDatabase(con, schema, need_transaction)
  File "D:\python-3.13.3\Lib\site-packages\pandas\io\sql.py", line 1648, in __init__
    con = self.exit_stack.enter_context(con.connect())
                                        ~~~~~~~~~~~^^
  File "D:\python-3.13.3\Lib\site-packages\sqlalchemy\engine\base.py", line 3277, in connect
    return self._connection_cls(self)
           ~~~~~~~~~~~~~~~~~~~~^^^^^^
  File "D:\python-3.13.3\Lib\site-packages\sqlalchemy\engine\base.py", line 145, in __init__
    Connection._handle_dbapi_exception_noconnection(
    ~~~~~~~~~~~~~~~~~~~~~~~~~~~~~~~~~~~~~~~~~~~~~~~^
        err, dialect, engine
        ^^^^^^^^^^^^^^^^^^^^
    )
    ^
  File "D:\python-3.13.3\Lib\site-packages\sqlalchemy\engine\base.py", line 2440, in _handle_dbapi_exception_noconnection
    raise sqlalchemy_exception.with_traceback(exc_info[2]) from e
  File "D:\python-3.13.3\Lib\site-packages\sqlalchemy\engine\base.py", line 143, in __init__
    self._dbapi_connection = engine.raw_connection()
                             ~~~~~~~~~~~~~~~~~~~~~^^
  File "D:\python-3.13.3\Lib\site-packages\sqlalchemy\engine\base.py", line 3301, in raw_connection
    return self.pool.connect()
           ~~~~~~~~~~~~~~~~~^^
  File "D:\python-3.13.3\Lib\site-packages\sqlalchemy\pool\base.py", line 447, in connect
    return _ConnectionFairy._checkout(self)
           ~~~~~~~~~~~~~~~~~~~~~~~~~~^^^^^^
  File "D:\python-3.13.3\Lib\site-packages\sqlalchemy\pool\base.py", line 1264, in _checkout
    fairy = _ConnectionRecord.checkout(pool)
  File "D:\python-3.13.3\Lib\site-packages\sqlalchemy\pool\base.py", line 711, in checkout
    rec = pool._do_get()
  File "D:\python-3.13.3\Lib\site-packages\sqlalchemy\pool\impl.py", line 177, in _do_get
    with util.safe_reraise():
         ~~~~~~~~~~~~~~~~~^^
  File "D:\python-3.13.3\Lib\site-packages\sqlalchemy\util\langhelpers.py", line 224, in __exit__
    raise exc_value.with_traceback(exc_tb)
  File "D:\python-3.13.3\Lib\site-packages\sqlalchemy\pool\impl.py", line 175, in _do_get
    return self._create_connection()
           ~~~~~~~~~~~~~~~~~~~~~~~^^
  File "D:\python-3.13.3\Lib\site-packages\sqlalchemy\pool\base.py", line 388, in _create_connection
    return _ConnectionRecord(self)
  File "D:\python-3.13.3\Lib\site-packages\sqlalchemy\pool\base.py", line 673, in __init__
    self.__connect()
    ~~~~~~~~~~~~~~^^
  File "D:\python-3.13.3\Lib\site-packages\sqlalchemy\pool\base.py", line 899, in __connect
    with util.safe_reraise():
         ~~~~~~~~~~~~~~~~~^^
  File "D:\python-3.13.3\Lib\site-packages\sqlalchemy\util\langhelpers.py", line 224, in __exit__
    raise exc_value.with_traceback(exc_tb)
  File "D:\python-3.13.3\Lib\site-packages\sqlalchemy\pool\base.py", line 895, in __connect
    self.dbapi_connection = connection = pool._invoke_creator(self)
                                         ~~~~~~~~~~~~~~~~~~~~^^^^^^
  File "D:\python-3.13.3\Lib\site-packages\sqlalchemy\engine\create.py", line 661, in connect
    return dialect.connect(*cargs, **cparams)
           ~~~~~~~~~~~~~~~^^^^^^^^^^^^^^^^^^^
  File "D:\python-3.13.3\Lib\site-packages\sqlalchemy\engine\default.py", line 629, in connect
    return self.loaded_dbapi.connect(*cargs, **cparams)  # type: ignore[no-any-return]  # NOQA: E501
           ~~~~~~~~~~~~~~~~~~~~~~~~~^^^^^^^^^^^^^^^^^^^
  File "D:\python-3.13.3\Lib\site-packages\pymysql\connections.py", line 365, in __init__
    self.connect()
    ~~~~~~~~~~~~^^
  File "D:\python-3.13.3\Lib\site-packages\pymysql\connections.py", line 681, in connect
    self._request_authentication()
    ~~~~~~~~~~~~~~~~~~~~~~~~~~~~^^
  File "D:\python-3.13.3\Lib\site-packages\pymysql\connections.py", line 980, in _request_authentication
    auth_packet = _auth.caching_sha2_password_auth(self, auth_packet)
  File "D:\python-3.13.3\Lib\site-packages\pymysql\_auth.py", line 272, in caching_sha2_password_auth
    pkt = _roundtrip(conn, data)
  File "D:\python-3.13.3\Lib\site-packages\pymysql\_auth.py", line 121, in _roundtrip
    pkt = conn._read_packet()
  File "D:\python-3.13.3\Lib\site-packages\pymysql\connections.py", line 782, in _read_packet
    packet.raise_for_error()
    ~~~~~~~~~~~~~~~~~~~~~~^^
  File "D:\python-3.13.3\Lib\site-packages\pymysql\protocol.py", line 219, in raise_for_error
    err.raise_mysql_exception(self._data)
    ~~~~~~~~~~~~~~~~~~~~~~~~~^^^^^^^^^^^^
  File "D:\python-3.13.3\Lib\site-packages\pymysql\err.py", line 150, in raise_mysql_exception
    raise errorclass(errno, errval)
sqlalchemy.exc.OperationalError: (pymysql.err.OperationalError) (1045, "Access denied for user 'root'@'localhost' (using password: YES)")
(Background on this error at: https://sqlalche.me/e/20/e3q8)
2025-10-12 11:46:30,378 [INFO] [数据库引擎创建成功]
2025-10-12 11:46:30,379 [INFO] [开始读取数据库表：order_data]
2025-10-12 11:46:30,409 [ERROR] [数据库操作失败（表：order_data，SQL：SELECT * FROM `order_data`）：(pymysql.err.OperationalError) (1045, "Access denied for user 'root'@'localhost' (using password: YES)")
(Background on this error at: https://sqlalche.me/e/20/e3q8)]
Traceback (most recent call last):
  File "D:\python-3.13.3\Lib\site-packages\sqlalchemy\engine\base.py", line 143, in __init__
    self._dbapi_connection = engine.raw_connection()
                             ~~~~~~~~~~~~~~~~~~~~~^^
  File "D:\python-3.13.3\Lib\site-packages\sqlalchemy\engine\base.py", line 3301, in raw_connection
    return self.pool.connect()
           ~~~~~~~~~~~~~~~~~^^
  File "D:\python-3.13.3\Lib\site-packages\sqlalchemy\pool\base.py", line 447, in connect
    return _ConnectionFairy._checkout(self)
           ~~~~~~~~~~~~~~~~~~~~~~~~~~^^^^^^
  File "D:\python-3.13.3\Lib\site-packages\sqlalchemy\pool\base.py", line 1264, in _checkout
    fairy = _ConnectionRecord.checkout(pool)
  File "D:\python-3.13.3\Lib\site-packages\sqlalchemy\pool\base.py", line 711, in checkout
    rec = pool._do_get()
  File "D:\python-3.13.3\Lib\site-packages\sqlalchemy\pool\impl.py", line 177, in _do_get
    with util.safe_reraise():
         ~~~~~~~~~~~~~~~~~^^
  File "D:\python-3.13.3\Lib\site-packages\sqlalchemy\util\langhelpers.py", line 224, in __exit__
    raise exc_value.with_traceback(exc_tb)
  File "D:\python-3.13.3\Lib\site-packages\sqlalchemy\pool\impl.py", line 175, in _do_get
    return self._create_connection()
           ~~~~~~~~~~~~~~~~~~~~~~~^^
  File "D:\python-3.13.3\Lib\site-packages\sqlalchemy\pool\base.py", line 388, in _create_connection
    return _ConnectionRecord(self)
  File "D:\python-3.13.3\Lib\site-packages\sqlalchemy\pool\base.py", line 673, in __init__
    self.__connect()
    ~~~~~~~~~~~~~~^^
  File "D:\python-3.13.3\Lib\site-packages\sqlalchemy\pool\base.py", line 899, in __connect
    with util.safe_reraise():
         ~~~~~~~~~~~~~~~~~^^
  File "D:\python-3.13.3\Lib\site-packages\sqlalchemy\util\langhelpers.py", line 224, in __exit__
    raise exc_value.with_traceback(exc_tb)
  File "D:\python-3.13.3\Lib\site-packages\sqlalchemy\pool\base.py", line 895, in __connect
    self.dbapi_connection = connection = pool._invoke_creator(self)
                                         ~~~~~~~~~~~~~~~~~~~~^^^^^^
  File "D:\python-3.13.3\Lib\site-packages\sqlalchemy\engine\create.py", line 661, in connect
    return dialect.connect(*cargs, **cparams)
           ~~~~~~~~~~~~~~~^^^^^^^^^^^^^^^^^^^
  File "D:\python-3.13.3\Lib\site-packages\sqlalchemy\engine\default.py", line 629, in connect
    return self.loaded_dbapi.connect(*cargs, **cparams)  # type: ignore[no-any-return]  # NOQA: E501
           ~~~~~~~~~~~~~~~~~~~~~~~~~^^^^^^^^^^^^^^^^^^^
  File "D:\python-3.13.3\Lib\site-packages\pymysql\connections.py", line 365, in __init__
    self.connect()
    ~~~~~~~~~~~~^^
  File "D:\python-3.13.3\Lib\site-packages\pymysql\connections.py", line 681, in connect
    self._request_authentication()
    ~~~~~~~~~~~~~~~~~~~~~~~~~~~~^^
  File "D:\python-3.13.3\Lib\site-packages\pymysql\connections.py", line 980, in _request_authentication
    auth_packet = _auth.caching_sha2_password_auth(self, auth_packet)
  File "D:\python-3.13.3\Lib\site-packages\pymysql\_auth.py", line 272, in caching_sha2_password_auth
    pkt = _roundtrip(conn, data)
  File "D:\python-3.13.3\Lib\site-packages\pymysql\_auth.py", line 121, in _roundtrip
    pkt = conn._read_packet()
  File "D:\python-3.13.3\Lib\site-packages\pymysql\connections.py", line 782, in _read_packet
    packet.raise_for_error()
    ~~~~~~~~~~~~~~~~~~~~~~^^
  File "D:\python-3.13.3\Lib\site-packages\pymysql\protocol.py", line 219, in raise_for_error
    err.raise_mysql_exception(self._data)
    ~~~~~~~~~~~~~~~~~~~~~~~~~^^^^^^^^^^^^
  File "D:\python-3.13.3\Lib\site-packages\pymysql\err.py", line 150, in raise_mysql_exception
    raise errorclass(errno, errval)
pymysql.err.OperationalError: (1045, "Access denied for user 'root'@'localhost' (using password: YES)")

The above exception was the direct cause of the following exception:

Traceback (most recent call last):
  File "E:\powerbi_data\代码执行\私有云数据\concat_demo1.py", line 121, in _read_from_db
    df = pd.read_sql(sql, self.engine)
  File "D:\python-3.13.3\Lib\site-packages\pandas\io\sql.py", line 706, in read_sql
    with pandasSQL_builder(con) as pandas_sql:
         ~~~~~~~~~~~~~~~~~^^^^^
  File "D:\python-3.13.3\Lib\site-packages\pandas\io\sql.py", line 908, in pandasSQL_builder
    return SQLDatabase(con, schema, need_transaction)
  File "D:\python-3.13.3\Lib\site-packages\pandas\io\sql.py", line 1648, in __init__
    con = self.exit_stack.enter_context(con.connect())
                                        ~~~~~~~~~~~^^
  File "D:\python-3.13.3\Lib\site-packages\sqlalchemy\engine\base.py", line 3277, in connect
    return self._connection_cls(self)
           ~~~~~~~~~~~~~~~~~~~~^^^^^^
  File "D:\python-3.13.3\Lib\site-packages\sqlalchemy\engine\base.py", line 145, in __init__
    Connection._handle_dbapi_exception_noconnection(
    ~~~~~~~~~~~~~~~~~~~~~~~~~~~~~~~~~~~~~~~~~~~~~~~^
        err, dialect, engine
        ^^^^^^^^^^^^^^^^^^^^
    )
    ^
  File "D:\python-3.13.3\Lib\site-packages\sqlalchemy\engine\base.py", line 2440, in _handle_dbapi_exception_noconnection
    raise sqlalchemy_exception.with_traceback(exc_info[2]) from e
  File "D:\python-3.13.3\Lib\site-packages\sqlalchemy\engine\base.py", line 143, in __init__
    self._dbapi_connection = engine.raw_connection()
                             ~~~~~~~~~~~~~~~~~~~~~^^
  File "D:\python-3.13.3\Lib\site-packages\sqlalchemy\engine\base.py", line 3301, in raw_connection
    return self.pool.connect()
           ~~~~~~~~~~~~~~~~~^^
  File "D:\python-3.13.3\Lib\site-packages\sqlalchemy\pool\base.py", line 447, in connect
    return _ConnectionFairy._checkout(self)
           ~~~~~~~~~~~~~~~~~~~~~~~~~~^^^^^^
  File "D:\python-3.13.3\Lib\site-packages\sqlalchemy\pool\base.py", line 1264, in _checkout
    fairy = _ConnectionRecord.checkout(pool)
  File "D:\python-3.13.3\Lib\site-packages\sqlalchemy\pool\base.py", line 711, in checkout
    rec = pool._do_get()
  File "D:\python-3.13.3\Lib\site-packages\sqlalchemy\pool\impl.py", line 177, in _do_get
    with util.safe_reraise():
         ~~~~~~~~~~~~~~~~~^^
  File "D:\python-3.13.3\Lib\site-packages\sqlalchemy\util\langhelpers.py", line 224, in __exit__
    raise exc_value.with_traceback(exc_tb)
  File "D:\python-3.13.3\Lib\site-packages\sqlalchemy\pool\impl.py", line 175, in _do_get
    return self._create_connection()
           ~~~~~~~~~~~~~~~~~~~~~~~^^
  File "D:\python-3.13.3\Lib\site-packages\sqlalchemy\pool\base.py", line 388, in _create_connection
    return _ConnectionRecord(self)
  File "D:\python-3.13.3\Lib\site-packages\sqlalchemy\pool\base.py", line 673, in __init__
    self.__connect()
    ~~~~~~~~~~~~~~^^
  File "D:\python-3.13.3\Lib\site-packages\sqlalchemy\pool\base.py", line 899, in __connect
    with util.safe_reraise():
         ~~~~~~~~~~~~~~~~~^^
  File "D:\python-3.13.3\Lib\site-packages\sqlalchemy\util\langhelpers.py", line 224, in __exit__
    raise exc_value.with_traceback(exc_tb)
  File "D:\python-3.13.3\Lib\site-packages\sqlalchemy\pool\base.py", line 895, in __connect
    self.dbapi_connection = connection = pool._invoke_creator(self)
                                         ~~~~~~~~~~~~~~~~~~~~^^^^^^
  File "D:\python-3.13.3\Lib\site-packages\sqlalchemy\engine\create.py", line 661, in connect
    return dialect.connect(*cargs, **cparams)
           ~~~~~~~~~~~~~~~^^^^^^^^^^^^^^^^^^^
  File "D:\python-3.13.3\Lib\site-packages\sqlalchemy\engine\default.py", line 629, in connect
    return self.loaded_dbapi.connect(*cargs, **cparams)  # type: ignore[no-any-return]  # NOQA: E501
           ~~~~~~~~~~~~~~~~~~~~~~~~~^^^^^^^^^^^^^^^^^^^
  File "D:\python-3.13.3\Lib\site-packages\pymysql\connections.py", line 365, in __init__
    self.connect()
    ~~~~~~~~~~~~^^
  File "D:\python-3.13.3\Lib\site-packages\pymysql\connections.py", line 681, in connect
    self._request_authentication()
    ~~~~~~~~~~~~~~~~~~~~~~~~~~~~^^
  File "D:\python-3.13.3\Lib\site-packages\pymysql\connections.py", line 980, in _request_authentication
    auth_packet = _auth.caching_sha2_password_auth(self, auth_packet)
  File "D:\python-3.13.3\Lib\site-packages\pymysql\_auth.py", line 272, in caching_sha2_password_auth
    pkt = _roundtrip(conn, data)
  File "D:\python-3.13.3\Lib\site-packages\pymysql\_auth.py", line 121, in _roundtrip
    pkt = conn._read_packet()
  File "D:\python-3.13.3\Lib\site-packages\pymysql\connections.py", line 782, in _read_packet
    packet.raise_for_error()
    ~~~~~~~~~~~~~~~~~~~~~~^^
  File "D:\python-3.13.3\Lib\site-packages\pymysql\protocol.py", line 219, in raise_for_error
    err.raise_mysql_exception(self._data)
    ~~~~~~~~~~~~~~~~~~~~~~~~~^^^^^^^^^^^^
  File "D:\python-3.13.3\Lib\site-packages\pymysql\err.py", line 150, in raise_mysql_exception
    raise errorclass(errno, errval)
sqlalchemy.exc.OperationalError: (pymysql.err.OperationalError) (1045, "Access denied for user 'root'@'localhost' (using password: YES)")
(Background on this error at: https://sqlalche.me/e/20/e3q8)
2025-10-12 11:47:09,432 [INFO] [数据库引擎创建成功]
2025-10-12 11:47:09,433 [INFO] [开始读取数据库表：order_data]
2025-10-12 11:47:09,776 [INFO] [成功读取表 order_data，数据行数：17482]
2025-10-12 11:47:09,893 [INFO] [开始读取数据库表：sales_data]
2025-10-12 11:47:11,709 [INFO] [成功读取表 sales_data，数据行数：21277]
2025-10-12 11:47:12,511 [INFO] [开始读取数据库表：jingpin_data]
2025-10-12 11:47:12,560 [INFO] [成功读取表 jingpin_data，数据行数：3348]
2025-10-12 11:47:12,589 [INFO] [开始读取数据库表：inventory_data]
2025-10-12 11:47:12,726 [INFO] [成功读取表 inventory_data，数据行数：4466]
2025-10-12 11:47:12,726 [INFO] [开始读取数据库表：tuiding_data]
2025-10-12 11:47:12,773 [INFO] [成功读取表 tuiding_data，数据行数：3053]
2025-10-12 11:47:12,773 [INFO] [开始读取数据库表：debit_data]
2025-10-12 11:47:13,134 [INFO] [成功读取表 debit_data，数据行数：13080]
2025-10-12 11:47:13,305 [INFO] [开始读取数据库表：sales_invoice_data]
2025-10-12 11:47:13,674 [INFO] [成功读取表 sales_invoice_data，数据行数：15190]
2025-10-12 11:50:09,447 [INFO] [数据库引擎创建成功]
2025-10-12 11:50:09,447 [INFO] [开始读取数据库表：order_data]
2025-10-12 11:50:09,792 [INFO] [成功读取表 order_data，数据行数：17482]
2025-10-12 11:50:09,910 [INFO] [开始读取数据库表：sales_data]
2025-10-12 11:50:11,463 [INFO] [成功读取表 sales_data，数据行数：21277]
2025-10-12 11:50:12,125 [INFO] [开始读取数据库表：jingpin_data]
2025-10-12 11:50:12,165 [INFO] [成功读取表 jingpin_data，数据行数：3348]
2025-10-12 11:50:12,188 [INFO] [开始读取数据库表：inventory_data]
2025-10-12 11:50:12,301 [INFO] [成功读取表 inventory_data，数据行数：4466]
2025-10-12 11:50:12,301 [INFO] [开始读取数据库表：tuiding_data]
2025-10-12 11:50:12,340 [INFO] [成功读取表 tuiding_data，数据行数：3053]
2025-10-12 11:50:12,340 [INFO] [开始读取数据库表：debit_data]
2025-10-12 11:50:12,634 [INFO] [成功读取表 debit_data，数据行数：13080]
2025-10-12 11:50:12,769 [INFO] [开始读取数据库表：sales_invoice_data]
2025-10-12 11:50:13,042 [INFO] [成功读取表 sales_invoice_data，数据行数：15190]
2025-10-12 11:58:56,911 [INFO] [数据库引擎创建成功]
2025-10-12 11:58:56,912 [INFO] [开始读取数据库表：order_data]
2025-10-12 11:58:57,396 [INFO] [成功读取表 order_data，数据行数：17482]
2025-10-12 11:58:57,562 [INFO] [开始读取数据库表：sales_data]
2025-10-12 11:58:59,636 [INFO] [成功读取表 sales_data，数据行数：21277]
2025-10-12 11:59:00,450 [INFO] [开始读取数据库表：jingpin_data]
2025-10-12 11:59:00,516 [INFO] [成功读取表 jingpin_data，数据行数：4136]
2025-10-12 11:59:00,546 [INFO] [开始读取数据库表：inventory_data]
2025-10-12 11:59:00,696 [INFO] [成功读取表 inventory_data，数据行数：4466]
2025-10-12 11:59:00,696 [INFO] [开始读取数据库表：tuiding_data]
2025-10-12 11:59:00,747 [INFO] [成功读取表 tuiding_data，数据行数：3053]
2025-10-12 11:59:00,747 [INFO] [开始读取数据库表：debit_data]
2025-10-12 11:59:01,129 [INFO] [成功读取表 debit_data，数据行数：13080]
2025-10-12 11:59:01,315 [INFO] [开始读取数据库表：sales_invoice_data]
2025-10-12 11:59:01,685 [INFO] [成功读取表 sales_invoice_data，数据行数：15190]
2025-10-12 14:08:59,993 [INFO] [数据库引擎创建成功]
2025-10-12 14:08:59,993 [INFO] [开始读取数据库表：order_data]
2025-10-12 14:09:00,356 [INFO] [成功读取表 order_data，数据行数：17482]
2025-10-12 14:09:00,477 [INFO] [开始读取数据库表：sales_data]
2025-10-12 14:09:02,075 [INFO] [成功读取表 sales_data，数据行数：21277]
2025-10-12 14:09:02,739 [INFO] [开始读取数据库表：jingpin_data]
2025-10-12 14:09:02,792 [INFO] [成功读取表 jingpin_data，数据行数：4136]
2025-10-12 14:09:02,816 [INFO] [开始读取数据库表：inventory_data]
2025-10-12 14:09:02,932 [INFO] [成功读取表 inventory_data，数据行数：4466]
2025-10-12 14:09:02,932 [INFO] [开始读取数据库表：tuiding_data]
2025-10-12 14:09:02,972 [INFO] [成功读取表 tuiding_data，数据行数：3053]
2025-10-12 14:09:02,972 [INFO] [开始读取数据库表：debit_data]
2025-10-12 14:09:03,270 [INFO] [成功读取表 debit_data，数据行数：13080]
2025-10-12 14:09:03,407 [INFO] [开始读取数据库表：sales_invoice_data]
2025-10-12 14:09:03,681 [INFO] [成功读取表 sales_invoice_data，数据行数：15190]
2025-10-12 14:18:42,952 [INFO] [数据库引擎创建成功]
2025-10-12 14:18:42,962 [INFO] [开始读取数据库表：order_data]
2025-10-12 14:18:43,440 [INFO] [成功读取表 order_data，数据行数：17539]
2025-10-12 14:18:43,607 [INFO] [开始读取数据库表：sales_data]
2025-10-12 14:18:45,780 [INFO] [成功读取表 sales_data，数据行数：21322]
2025-10-12 14:18:46,604 [INFO] [开始读取数据库表：jingpin_data]
2025-10-12 14:18:46,674 [INFO] [成功读取表 jingpin_data，数据行数：4162]
2025-10-12 14:18:46,706 [INFO] [开始读取数据库表：inventory_data]
2025-10-12 14:18:46,868 [INFO] [成功读取表 inventory_data，数据行数：4499]
2025-10-12 14:18:46,868 [INFO] [开始读取数据库表：tuiding_data]
2025-10-12 14:18:46,922 [INFO] [成功读取表 tuiding_data，数据行数：3056]
2025-10-12 14:18:46,922 [INFO] [开始读取数据库表：debit_data]
2025-10-12 14:18:47,350 [INFO] [成功读取表 debit_data，数据行数：13080]
2025-10-12 14:18:47,556 [INFO] [开始读取数据库表：sales_invoice_data]
2025-10-12 14:18:48,035 [INFO] [成功读取表 sales_invoice_data，数据行数：15190]
2025-10-12 14:27:05,241 [INFO] [数据库引擎创建成功]
2025-10-12 14:27:05,241 [INFO] [开始读取数据库表：order_data]
2025-10-12 14:27:05,708 [INFO] [成功读取表 order_data，数据行数：17539]
2025-10-12 14:27:05,865 [INFO] [开始读取数据库表：sales_data]
2025-10-12 14:27:07,915 [INFO] [成功读取表 sales_data，数据行数：21329]
2025-10-12 14:27:08,732 [INFO] [开始读取数据库表：jingpin_data]
2025-10-12 14:27:08,799 [INFO] [成功读取表 jingpin_data，数据行数：4163]
2025-10-12 14:27:08,828 [INFO] [开始读取数据库表：inventory_data]
2025-10-12 14:27:08,983 [INFO] [成功读取表 inventory_data，数据行数：4519]
2025-10-12 14:27:08,983 [INFO] [开始读取数据库表：tuiding_data]
2025-10-12 14:27:09,037 [INFO] [成功读取表 tuiding_data，数据行数：3056]
2025-10-12 14:27:09,038 [INFO] [开始读取数据库表：debit_data]
2025-10-12 14:27:09,441 [INFO] [成功读取表 debit_data，数据行数：13080]
2025-10-12 14:27:09,622 [INFO] [开始读取数据库表：sales_invoice_data]
2025-10-12 14:27:09,995 [INFO] [成功读取表 sales_invoice_data，数据行数：15190]
